2017-09-12 20:35:27 : ERROR vcfoundation::io::VCEndOfFile: <End Of File>
race:    1 0X00490F1C
   2 0X0048FAB9
   3 0X00487825
   4 0X00487A75
   5 0X00490C6F
   6 0X0048ED72
   7 0X004884BB
   8 0X0049BAF5
   9 0X0049BB7F
  10 0X76E862C4
  11 0X77380F69
  12 0X77380F34

2017-09-12 20:36:09 : ERROR vcfoundation::system::VCSysError: WriteFile() failed <232: O pipe está sendo fechado.>
race:    1 0X0049199F
   2 0X0048E7A3
   3 0X0048E91E
   4 0X00488C16
   5 0X00491CF8
   6 0X00490C6F
   7 0X0048ED72
   8 0X004884BB
   9 0X0049BAF5
  10 0X0049BB7F
  11 0X76E862C4
  12 0X77380F69
  13 0X77380F34

